<?xml version="1.0" encoding="UTF-8"?>
<!-- Generated by org.testng.reporters.JUnitReportReporter -->
<testsuite hostname="LAPTOP-IVSO33ML" name="Webapp.BeatBlip.TS004_Automateclick" tests="1" failures="0" timestamp="30 Nov 2021 12:05:20 GMT" time="31.348" errors="0">
  <testcase name="deleteprojectscript" time="31.348" classname="Webapp.BeatBlip.TS004_Automateclick"/>
</testsuite> <!-- Webapp.BeatBlip.TS004_Automateclick -->
