<?xml version="1.0" encoding="UTF-8"?>
<!-- Generated by org.testng.reporters.JUnitReportReporter -->
<testsuite hostname="LAPTOP-IVSO33ML" name="Webapp.BeatBlip.TS003_addurl" tests="1" failures="0" timestamp="29 Nov 2021 09:01:31 GMT" time="34.238" errors="0">
  <testcase name="deleteprojectscript" time="34.238" classname="Webapp.BeatBlip.TS003_addurl"/>
</testsuite> <!-- Webapp.BeatBlip.TS003_addurl -->
