<?xml version="1.0" encoding="UTF-8"?>
<!-- Generated by org.testng.reporters.JUnitReportReporter -->
<testsuite hostname="LAPTOP-IVSO33ML" name="Webapp.BeatBlip.TS002_Deleteproject" tests="1" failures="0" timestamp="22 Nov 2021 08:06:28 GMT" time="23.495" errors="0">
  <testcase name="deleteprojectscript" time="23.495" classname="Webapp.BeatBlip.TS002_Deleteproject"/>
</testsuite> <!-- Webapp.BeatBlip.TS002_Deleteproject -->
